2024-09-29 14:19:20   === 获取到的新闻 ID：[41684082, 41683306, 41683293, 41683815, 41683927, 41683144, 41678412, 41636761, 41681344, 41681266]
2024-09-29 14:19:21   === 新闻 ID 41684082 的详情已获取。
2024-09-29 14:19:27   === 获取到的新闻 ID：[41684082, 41683306, 41683293, 41683815, 41683927, 41683144, 41678412, 41636761, 41681344, 41681266]
2024-09-29 14:19:28   === 新闻 ID 41684082 的详情已获取。
2024-09-29 14:19:29   === 新闻 ID 41683306 的详情已获取。
2024-09-29 14:19:30   === 新闻 ID 41683293 的详情已获取。
2024-09-29 14:19:32   === 新闻 ID 41683815 的详情已获取。
2024-09-29 14:19:33   === 新闻 ID 41683927 的详情已获取。
2024-09-29 14:19:34   === 新闻 ID 41683144 的详情已获取。
2024-09-29 14:19:35   === 新闻 ID 41678412 的详情已获取。
2024-09-29 14:19:36   === 新闻 ID 41636761 的详情已获取。
2024-09-29 14:19:38   === 新闻 ID 41681344 的详情已获取。
2024-09-29 14:19:39   === 新闻 ID 41681266 的详情已获取。
2024-09-29 14:19:39   === 共获取到 10 条新闻。
2024-09-29 14:19:52   === 获取到 10 个新闻链接。
2024-09-29 14:22:01   === EmailSender 实例已创建。
2024-09-29 14:22:02   === 获取到的新闻 ID：[41684082, 41683306, 41683293, 41683815, 41683927, 41683144, 41678412, 41636761, 41681344, 41681266]
2024-09-29 14:22:04   === 新闻 ID 41684082 的详情已获取。
2024-09-29 14:22:05   === 新闻 ID 41683306 的详情已获取。
2024-09-29 14:22:06   === 新闻 ID 41683293 的详情已获取。
2024-09-29 14:22:07   === 新闻 ID 41683815 的详情已获取。
2024-09-29 14:22:08   === 新闻 ID 41683927 的详情已获取。
2024-09-29 14:22:10   === 新闻 ID 41683144 的详情已获取。
2024-09-29 14:22:11   === 新闻 ID 41678412 的详情已获取。
2024-09-29 14:22:12   === 新闻 ID 41636761 的详情已获取。
2024-09-29 14:22:13   === 新闻 ID 41681344 的详情已获取。
2024-09-29 14:22:14   === 新闻 ID 41681266 的详情已获取。
2024-09-29 14:22:14   === 共获取到 10 条新闻。
2024-09-29 14:31:16   === 获取到的新闻 ID：[41684082, 41683306, 41683293, 41683815, 41683144, 41683927, 41678412, 41636761, 41681344, 41681266]
2024-09-29 14:31:58   === 新闻 ID 41684082 的详情已获取。
2024-09-29 14:33:47   === 新闻 ID 41683306 的详情已获取。
2024-09-29 14:33:51   === 新闻 ID 41683293 的详情已获取。
2024-09-29 14:33:52   === 新闻 ID 41683815 的详情已获取。
2024-09-29 14:33:54   === 新闻 ID 41683144 的详情已获取。
2024-09-29 14:33:55   === 新闻 ID 41683927 的详情已获取。
2024-09-29 14:33:56   === 新闻 ID 41678412 的详情已获取。
2024-09-29 14:33:57   === 新闻 ID 41636761 的详情已获取。
2024-09-29 14:33:58   === 新闻 ID 41681344 的详情已获取。
2024-09-29 14:33:59   === 新闻 ID 41681266 的详情已获取。
2024-09-29 14:33:59   === 共获取到 10 条新闻。
